<?xml version="1.0" encoding="UTF-8"?>
<!-- Generated by org.testng.reporters.JUnitReportReporter -->
<testsuite hostname="Vijays-Mac-mini.attlocal.net" failures="0" tests="1" name="pomintro.NewTest" time="0.007" errors="0" timestamp="2023-11-21T19:33:39 CST" skipped="0">
  <testcase classname="pomintro.NewTest" name="f" time="0.007"/>
  <system-out/>
</testsuite> <!-- pomintro.NewTest -->
