<?xml version="1.0" encoding="UTF-8"?>
<!-- Generated by org.testng.reporters.JUnitReportReporter -->
<testsuite hostname="Vijays-Mac-mini.attlocal.net" failures="0" tests="2" name="TestSuite1.Module2" time="0.006" errors="0" timestamp="2023-11-19T17:36:18 CST" skipped="0">
  <testcase classname="TestSuite1.Module2" name="test01" time="0.003"/>
  <testcase classname="TestSuite1.Module2" name="test02" time="0.003"/>
</testsuite> <!-- TestSuite1.Module2 -->
