<?xml version="1.0" encoding="UTF-8"?>
<!-- Generated by org.testng.reporters.JUnitReportReporter -->
<testsuite hostname="Vijays-Mac-mini.attlocal.net" failures="0" tests="1" name="TestSuite1.Module1" time="0.003" errors="0" timestamp="2023-11-19T17:36:18 CST" skipped="0">
  <testcase classname="TestSuite1.Module1" name="test01" time="0.003"/>
</testsuite> <!-- TestSuite1.Module1 -->
